<?xml version="1.0" encoding="UTF-8"?>
<testng-results skipped="0" failed="1" ignored="0" total="1" passed="0">
  <reporter-output>
    <line>
      <![CDATA[<P class='testinfo'>****************************************************************************************************</P>]]>
    </line>
    <line>
      <![CDATA[<P class='testinfo'>****************************************************************************************************</P>]]>
    </line>
  </reporter-output>
  <suite name="Default suite" duration-ms="11854" started-at="2018-10-26T03:54:02Z" finished-at="2018-10-26T03:54:14Z">
    <groups>
    </groups>
    <test name="Default test" duration-ms="11854" started-at="2018-10-26T03:54:02Z" finished-at="2018-10-26T03:54:14Z">
      <class name="com.advantage.tests.com.advantage.tests.OptumOne.CreateOrderTest">
        <test-method status="PASS" signature="suiteInitialization(java.lang.String)[pri:0, instance:com.advantage.tests.com.advantage.tests.OptumOne.CreateOrderTest@7a187f14]" name="suiteInitialization" is-config="true" duration-ms="181" started-at="2018-10-26T03:54:02Z" finished-at="2018-10-26T03:54:02Z">
          <params>
            <param index="0">
              <value>
                <![CDATA[config.xml]]>
              </value>
            </param>
          </params>
          <reporter-output>
          </reporter-output>
        </test-method> <!-- suiteInitialization -->
        <test-method status="PASS" signature="testIntiation(org.testng.ITestContext)[pri:0, instance:com.advantage.tests.com.advantage.tests.OptumOne.CreateOrderTest@7a187f14]" name="testIntiation" is-config="true" duration-ms="8723" started-at="2018-10-26T03:54:03Z" finished-at="2018-10-26T03:54:11Z">
          <params>
            <param index="0">
              <value>
                <![CDATA[org.testng.TestRunner@934b6cb]]>
              </value>
            </param>
          </params>
          <reporter-output>
            <line>
              <![CDATA[<P class='testinfo'>****************************************************************************************************</P>]]>
            </line>
          </reporter-output>
        </test-method> <!-- testIntiation -->
        <test-method status="FAIL" signature="verifyCreateOrder()[pri:0, instance:com.advantage.tests.com.advantage.tests.OptumOne.CreateOrderTest@7a187f14]" name="verifyCreateOrder" duration-ms="58" started-at="2018-10-26T03:54:11Z" finished-at="2018-10-26T03:54:11Z">
          <exception class="java.lang.NullPointerException">
            <full-stacktrace>
              <![CDATA[java.lang.NullPointerException
at com.advantage.pages.OptumOne.Login.<init>(Login.java:36)
at com.advantage.tests.com.advantage.tests.OptumOne.CreateOrderTest.verifyCreateOrder(CreateOrderTest.java:13)
at sun.reflect.NativeMethodAccessorImpl.invoke0(Native Method)
at sun.reflect.NativeMethodAccessorImpl.invoke(Unknown Source)
at sun.reflect.DelegatingMethodAccessorImpl.invoke(Unknown Source)
at java.lang.reflect.Method.invoke(Unknown Source)
at org.testng.internal.MethodInvocationHelper.invokeMethod(MethodInvocationHelper.java:124)
at org.testng.internal.Invoker.invokeMethod(Invoker.java:580)
at org.testng.internal.Invoker.invokeTestMethod(Invoker.java:716)
at org.testng.internal.Invoker.invokeTestMethods(Invoker.java:988)
at org.testng.internal.TestMethodWorker.invokeTestMethods(TestMethodWorker.java:125)
at org.testng.internal.TestMethodWorker.run(TestMethodWorker.java:109)
at org.testng.TestRunner.privateRun(TestRunner.java:648)
at org.testng.TestRunner.run(TestRunner.java:505)
at org.testng.SuiteRunner.runTest(SuiteRunner.java:455)
at org.testng.SuiteRunner.runSequentially(SuiteRunner.java:450)
at org.testng.SuiteRunner.privateRun(SuiteRunner.java:415)
at org.testng.SuiteRunner.run(SuiteRunner.java:364)
at org.testng.SuiteRunnerWorker.runSuite(SuiteRunnerWorker.java:52)
at org.testng.SuiteRunnerWorker.run(SuiteRunnerWorker.java:84)
at org.testng.TestNG.runSuitesSequentially(TestNG.java:1208)
at org.testng.TestNG.runSuitesLocally(TestNG.java:1137)
at org.testng.TestNG.runSuites(TestNG.java:1049)
at org.testng.TestNG.run(TestNG.java:1017)
at org.testng.remote.AbstractRemoteTestNG.run(AbstractRemoteTestNG.java:114)
at org.testng.remote.RemoteTestNG.initAndRun(RemoteTestNG.java:251)
at org.testng.remote.RemoteTestNG.main(RemoteTestNG.java:77)
]]>
            </full-stacktrace>
          </exception> <!-- java.lang.NullPointerException -->
          <reporter-output>
          </reporter-output>
        </test-method> <!-- verifyCreateOrder -->
        <test-method status="PASS" signature="testEnd()[pri:0, instance:com.advantage.tests.com.advantage.tests.OptumOne.CreateOrderTest@7a187f14]" name="testEnd" is-config="true" duration-ms="3056" started-at="2018-10-26T03:54:11Z" finished-at="2018-10-26T03:54:14Z">
          <reporter-output>
            <line>
              <![CDATA[<P class='testinfo'>****************************************************************************************************</P>]]>
            </line>
          </reporter-output>
        </test-method> <!-- testEnd -->
        <test-method status="PASS" signature="suiteEnd()[pri:0, instance:com.advantage.tests.com.advantage.tests.OptumOne.CreateOrderTest@7a187f14]" name="suiteEnd" is-config="true" duration-ms="2" started-at="2018-10-26T03:54:14Z" finished-at="2018-10-26T03:54:14Z">
          <reporter-output>
          </reporter-output>
        </test-method> <!-- suiteEnd -->
      </class> <!-- com.advantage.tests.com.advantage.tests.OptumOne.CreateOrderTest -->
    </test> <!-- Default test -->
  </suite> <!-- Default suite -->
</testng-results>
